  NoWeeniesAllowed.c
C:\Users\218\Documents\GitHub\NoWeeniesAllowed\NoWeeniesAllowed\MapGenerator.h(81,8): warning C4244: '함수': 'time_t'에서 'unsigned int'(으)로 변환하면서 데이터가 손실될 수 있습니다.
C:\Users\218\Documents\GitHub\NoWeeniesAllowed\NoWeeniesAllowed\MainScene.h(9,9): warning C4129: ' ': 문자 이스케이프 시퀀스를 인식할 수 없습니다.
C:\Users\218\Documents\GitHub\NoWeeniesAllowed\NoWeeniesAllowed\MainScene.h(10,9): warning C4129: '|': 문자 이스케이프 시퀀스를 인식할 수 없습니다.
C:\Users\218\Documents\GitHub\NoWeeniesAllowed\NoWeeniesAllowed\MainScene.h(12,9): warning C4129: ' ': 문자 이스케이프 시퀀스를 인식할 수 없습니다.
C:\Users\218\Documents\GitHub\NoWeeniesAllowed\NoWeeniesAllowed\MainScene.h(13,9): warning C4129: '_': 문자 이스케이프 시퀀스를 인식할 수 없습니다.
C:\Users\218\Documents\GitHub\NoWeeniesAllowed\NoWeeniesAllowed\MainScene.h(16,9): warning C4129: ' ': 문자 이스케이프 시퀀스를 인식할 수 없습니다.
C:\Users\218\Documents\GitHub\NoWeeniesAllowed\NoWeeniesAllowed\MainScene.h(17,9): warning C4129: ' ': 문자 이스케이프 시퀀스를 인식할 수 없습니다.
C:\Users\218\Documents\GitHub\NoWeeniesAllowed\NoWeeniesAllowed\MainScene.h(17,9): warning C4129: '/': 문자 이스케이프 시퀀스를 인식할 수 없습니다.
C:\Users\218\Documents\GitHub\NoWeeniesAllowed\NoWeeniesAllowed\MainScene.h(17,9): warning C4129: '|': 문자 이스케이프 시퀀스를 인식할 수 없습니다.
C:\Users\218\Documents\GitHub\NoWeeniesAllowed\NoWeeniesAllowed\MainScene.h(18,9): warning C4129: ' ': 문자 이스케이프 시퀀스를 인식할 수 없습니다.
C:\Users\218\Documents\GitHub\NoWeeniesAllowed\NoWeeniesAllowed\MainScene.h(19,9): warning C4129: ' ': 문자 이스케이프 시퀀스를 인식할 수 없습니다.
C:\Users\218\Documents\GitHub\NoWeeniesAllowed\NoWeeniesAllowed\MainScene.h(20,9): warning C4129: '_': 문자 이스케이프 시퀀스를 인식할 수 없습니다.
C:\Users\218\Documents\GitHub\NoWeeniesAllowed\NoWeeniesAllowed\MainScene.h(23,9): warning C4129: ' ': 문자 이스케이프 시퀀스를 인식할 수 없습니다.
C:\Users\218\Documents\GitHub\NoWeeniesAllowed\NoWeeniesAllowed\MainScene.h(24,9): warning C4129: ' ': 문자 이스케이프 시퀀스를 인식할 수 없습니다.
C:\Users\218\Documents\GitHub\NoWeeniesAllowed\NoWeeniesAllowed\MainScene.h(24,9): warning C4129: '/': 문자 이스케이프 시퀀스를 인식할 수 없습니다.
C:\Users\218\Documents\GitHub\NoWeeniesAllowed\NoWeeniesAllowed\MainScene.h(25,9): warning C4129: ' ': 문자 이스케이프 시퀀스를 인식할 수 없습니다.
C:\Users\218\Documents\GitHub\NoWeeniesAllowed\NoWeeniesAllowed\MainScene.h(26,9): warning C4129: ' ': 문자 이스케이프 시퀀스를 인식할 수 없습니다.
C:\Users\218\Documents\GitHub\NoWeeniesAllowed\NoWeeniesAllowed\MainScene.h(27,9): warning C4129: '_': 문자 이스케이프 시퀀스를 인식할 수 없습니다.
C:\Users\218\Documents\GitHub\NoWeeniesAllowed\NoWeeniesAllowed\MainScene.h(27,9): warning C4129: ' ': 문자 이스케이프 시퀀스를 인식할 수 없습니다.
  NoWeeniesAllowed.vcxproj -> C:\Users\218\Documents\GitHub\NoWeeniesAllowed\NoWeeniesAllowed\Debug\NoWeeniesAllowed.exe
